# JRE version: Java(TM) SE Runtime Environment (8.0_111-b14) (build 1.8.0_111-b14)
# Java VM: Java HotSpot(TM) 64-Bit Server VM (25.111-b14 mixed mode windows-amd64 compressed oops)
Heap:
 PSYoungGen      total 18944K, used 17628K [0x00000000f5580000, 0x00000000f7780000, 0x0000000100000000)
  eden space 18432K, 94% used [0x00000000f5580000,0x00000000f66888b0,0x00000000f6780000)
  from space 512K, 36% used [0x00000000f7680000,0x00000000f76ae7c0,0x00000000f7700000)
  to   space 512K, 0% used [0x00000000f7700000,0x00000000f7700000,0x00000000f7780000)
 ParOldGen       total 22016K, used 5728K [0x00000000e0000000, 0x00000000e1580000, 0x00000000f5580000)
  object space 22016K, 26% used [0x00000000e0000000,0x00000000e0598380,0x00000000e1580000)
 Metaspace       used 14919K, capacity 15164K, committed 15360K, reserved 1062912K
  class space    used 1876K, capacity 1964K, committed 2048K, reserved 1048576K
GC Heap History (10 events):
Event: 44.521 GC heap before
{Heap before GC invocations=159 (full 0):
 PSYoungGen      total 15872K, used 15545K [0x00000000f5580000, 0x00000000f7780000, 0x0000000100000000)
  eden space 15360K, 100% used [0x00000000f5580000,0x00000000f6480000,0x00000000f6480000)
  from space 512K, 36% used [0x00000000f7700000,0x00000000f772e7c0,0x00000000f7780000)
  to   space 512K, 0% used [0x00000000f7680000,0x00000000f7680000,0x00000000f7700000)
 ParOldGen       total 22016K, used 5688K [0x00000000e0000000, 0x00000000e1580000, 0x00000000f5580000)
  object space 22016K, 25% used [0x00000000e0000000,0x00000000e058e380,0x00000000e1580000)
 Metaspace       used 14919K, capacity 15164K, committed 15360K, reserved 1062912K
  class space    used 1876K, capacity 1964K, committed 2048K, reserved 1048576K
Event: 44.522 GC heap after
Heap after GC invocations=159 (full 0):
 PSYoungGen      total 15872K, used 185K [0x00000000f5580000, 0x00000000f7780000, 0x0000000100000000)
  eden space 15360K, 0% used [0x00000000f5580000,0x00000000f5580000,0x00000000f6480000)
  from space 512K, 36% used [0x00000000f7680000,0x00000000f76ae7c0,0x00000000f7700000)
  to   space 512K, 0% used [0x00000000f7700000,0x00000000f7700000,0x00000000f7780000)
 ParOldGen       total 22016K, used 5696K [0x00000000e0000000, 0x00000000e1580000, 0x00000000f5580000)
  object space 22016K, 25% used [0x00000000e0000000,0x00000000e0590380,0x00000000e1580000)
 Metaspace       used 14919K, capacity 15164K, committed 15360K, reserved 1062912K
  class space    used 1876K, capacity 1964K, committed 2048K, reserved 1048576K
}
Event: 44.652 GC heap before
{Heap before GC invocations=160 (full 0):
 PSYoungGen      total 15872K, used 15545K [0x00000000f5580000, 0x00000000f7780000, 0x0000000100000000)
  eden space 15360K, 100% used [0x00000000f5580000,0x00000000f6480000,0x00000000f6480000)
  from space 512K, 36% used [0x00000000f7680000,0x00000000f76ae7c0,0x00000000f7700000)
  to   space 512K, 0% used [0x00000000f7700000,0x00000000f7700000,0x00000000f7780000)
 ParOldGen       total 22016K, used 5696K [0x00000000e0000000, 0x00000000e1580000, 0x00000000f5580000)
  object space 22016K, 25% used [0x00000000e0000000,0x00000000e0590380,0x00000000e1580000)
 Metaspace       used 14919K, capacity 15164K, committed 15360K, reserved 1062912K
  class space    used 1876K, capacity 1964K, committed 2048K, reserved 1048576K
Event: 44.654 GC heap after
Heap after GC invocations=160 (full 0):
 PSYoungGen      total 15872K, used 185K [0x00000000f5580000, 0x00000000f7780000, 0x0000000100000000)
  eden space 15360K, 0% used [0x00000000f5580000,0x00000000f5580000,0x00000000f6480000)
  from space 512K, 36% used [0x00000000f7700000,0x00000000f772e7c0,0x00000000f7780000)
  to   space 512K, 0% used [0x00000000f7680000,0x00000000f7680000,0x00000000f7700000)
 ParOldGen       total 22016K, used 5704K [0x00000000e0000000, 0x00000000e1580000, 0x00000000f5580000)
  object space 22016K, 25% used [0x00000000e0000000,0x00000000e0592380,0x00000000e1580000)
 Metaspace       used 14919K, capacity 15164K, committed 15360K, reserved 1062912K
  class space    used 1876K, capacity 1964K, committed 2048K, reserved 1048576K
}
Event: 44.839 GC heap before
{Heap before GC invocations=161 (full 0):
 PSYoungGen      total 15872K, used 15545K [0x00000000f5580000, 0x00000000f7780000, 0x0000000100000000)
  eden space 15360K, 100% used [0x00000000f5580000,0x00000000f6480000,0x00000000f6480000)
  from space 512K, 36% used [0x00000000f7700000,0x00000000f772e7c0,0x00000000f7780000)
  to   space 512K, 0% used [0x00000000f7680000,0x00000000f7680000,0x00000000f7700000)
 ParOldGen       total 22016K, used 5704K [0x00000000e0000000, 0x00000000e1580000, 0x00000000f5580000)
  object space 22016K, 25% used [0x00000000e0000000,0x00000000e0592380,0x00000000e1580000)
 Metaspace       used 14919K, capacity 15164K, committed 15360K, reserved 1062912K
  class space    used 1876K, capacity 1964K, committed 2048K, reserved 1048576K
Event: 44.840 GC heap after
Heap after GC invocations=161 (full 0):
 PSYoungGen      total 15872K, used 185K [0x00000000f5580000, 0x00000000f7780000, 0x0000000100000000)
  eden space 15360K, 0% used [0x00000000f5580000,0x00000000f5580000,0x00000000f6480000)
  from space 512K, 36% used [0x00000000f7680000,0x00000000f76ae7c0,0x00000000f7700000)
  to   space 512K, 0% used [0x00000000f7700000,0x00000000f7700000,0x00000000f7780000)
 ParOldGen       total 22016K, used 5712K [0x00000000e0000000, 0x00000000e1580000, 0x00000000f5580000)
  object space 22016K, 25% used [0x00000000e0000000,0x00000000e0594380,0x00000000e1580000)
 Metaspace       used 14919K, capacity 15164K, committed 15360K, reserved 1062912K
  class space    used 1876K, capacity 1964K, committed 2048K, reserved 1048576K
}
Event: 44.968 GC heap before
{Heap before GC invocations=162 (full 0):
 PSYoungGen      total 15872K, used 15545K [0x00000000f5580000, 0x00000000f7780000, 0x0000000100000000)
  eden space 15360K, 100% used [0x00000000f5580000,0x00000000f6480000,0x00000000f6480000)
  from space 512K, 36% used [0x00000000f7680000,0x00000000f76ae7c0,0x00000000f7700000)
  to   space 512K, 0% used [0x00000000f7700000,0x00000000f7700000,0x00000000f7780000)
 ParOldGen       total 22016K, used 5712K [0x00000000e0000000, 0x00000000e1580000, 0x00000000f5580000)
  object space 22016K, 25% used [0x00000000e0000000,0x00000000e0594380,0x00000000e1580000)
 Metaspace       used 14919K, capacity 15164K, committed 15360K, reserved 1062912K
  class space    used 1876K, capacity 1964K, committed 2048K, reserved 1048576K
Event: 44.969 GC heap after
Heap after GC invocations=162 (full 0):
 PSYoungGen      total 15872K, used 185K [0x00000000f5580000, 0x00000000f7780000, 0x0000000100000000)
  eden space 15360K, 0% used [0x00000000f5580000,0x00000000f5580000,0x00000000f6480000)
  from space 512K, 36% used [0x00000000f7700000,0x00000000f772e7c0,0x00000000f7780000)
  to   space 512K, 0% used [0x00000000f7680000,0x00000000f7680000,0x00000000f7700000)
 ParOldGen       total 22016K, used 5720K [0x00000000e0000000, 0x00000000e1580000, 0x00000000f5580000)
  object space 22016K, 25% used [0x00000000e0000000,0x00000000e0596380,0x00000000e1580000)
 Metaspace       used 14919K, capacity 15164K, committed 15360K, reserved 1062912K
  class space    used 1876K, capacity 1964K, committed 2048K, reserved 1048576K
}
Event: 45.155 GC heap before
{Heap before GC invocations=163 (full 0):
 PSYoungGen      total 15872K, used 15545K [0x00000000f5580000, 0x00000000f7780000, 0x0000000100000000)
  eden space 15360K, 100% used [0x00000000f5580000,0x00000000f6480000,0x00000000f6480000)
  from space 512K, 36% used [0x00000000f7700000,0x00000000f772e7c0,0x00000000f7780000)
  to   space 512K, 0% used [0x00000000f7680000,0x00000000f7680000,0x00000000f7700000)
 ParOldGen       total 22016K, used 5720K [0x00000000e0000000, 0x00000000e1580000, 0x00000000f5580000)
  object space 22016K, 25% used [0x00000000e0000000,0x00000000e0596380,0x00000000e1580000)
 Metaspace       used 14919K, capacity 15164K, committed 15360K, reserved 1062912K
  class space    used 1876K, capacity 1964K, committed 2048K, reserved 1048576K
Event: 45.176 GC heap after
Heap after GC invocations=163 (full 0):
 PSYoungGen      total 18944K, used 185K [0x00000000f5580000, 0x00000000f7780000, 0x0000000100000000)
  eden space 18432K, 0% used [0x00000000f5580000,0x00000000f5580000,0x00000000f6780000)
  from space 512K, 36% used [0x00000000f7680000,0x00000000f76ae7c0,0x00000000f7700000)
  to   space 512K, 0% used [0x00000000f7700000,0x00000000f7700000,0x00000000f7780000)
 ParOldGen       total 22016K, used 5728K [0x00000000e0000000, 0x00000000e1580000, 0x00000000f5580000)
  object space 22016K, 26% used [0x00000000e0000000,0x00000000e0598380,0x00000000e1580000)
 Metaspace       used 14919K, capacity 15164K, committed 15360K, reserved 1062912K
  class space    used 1876K, capacity 1964K, committed 2048K, reserved 1048576K
}

