# JRE version: Java(TM) SE Runtime Environment (8.0_111-b14) (build 1.8.0_111-b14)
# Java VM: Java HotSpot(TM) 64-Bit Server VM (25.111-b14 mixed mode windows-amd64 compressed oops)
Heap:
 PSYoungGen      total 12800K, used 9677K [0x00000000f5580000, 0x00000000f6e80000, 0x0000000100000000)
  eden space 8704K, 100% used [0x00000000f5580000,0x00000000f5e00000,0x00000000f5e00000)
  from space 4096K, 23% used [0x00000000f6200000,0x00000000f62f3720,0x00000000f6600000)
  to   space 4096K, 0% used [0x00000000f5e00000,0x00000000f5e00000,0x00000000f6200000)
 ParOldGen       total 22016K, used 3787K [0x00000000e0000000, 0x00000000e1580000, 0x00000000f5580000)
  object space 22016K, 17% used [0x00000000e0000000,0x00000000e03b2f00,0x00000000e1580000)
 Metaspace       used 14324K, capacity 14556K, committed 14848K, reserved 1062912K
  class space    used 1867K, capacity 1932K, committed 2048K, reserved 1048576K
GC Heap History (10 events):
Event: 7.501 GC heap before
{Heap before GC invocations=2 (full 0):
 PSYoungGen      total 9728K, used 9720K [0x00000000f5580000, 0x00000000f6000000, 0x0000000100000000)
  eden space 8704K, 100% used [0x00000000f5580000,0x00000000f5e00000,0x00000000f5e00000)
  from space 1024K, 99% used [0x00000000f5e00000,0x00000000f5efe300,0x00000000f5f00000)
  to   space 1024K, 0% used [0x00000000f5f00000,0x00000000f5f00000,0x00000000f6000000)
 ParOldGen       total 22016K, used 3107K [0x00000000e0000000, 0x00000000e1580000, 0x00000000f5580000)
  object space 22016K, 14% used [0x00000000e0000000,0x00000000e0308c00,0x00000000e1580000)
 Metaspace       used 13579K, capacity 13788K, committed 13952K, reserved 1060864K
  class space    used 1788K, capacity 1868K, committed 1920K, reserved 1048576K
Event: 7.505 GC heap after
Heap after GC invocations=2 (full 0):
 PSYoungGen      total 9728K, used 633K [0x00000000f5580000, 0x00000000f6000000, 0x0000000100000000)
  eden space 8704K, 0% used [0x00000000f5580000,0x00000000f5580000,0x00000000f5e00000)
  from space 1024K, 61% used [0x00000000f5f00000,0x00000000f5f9e7c0,0x00000000f6000000)
  to   space 1024K, 0% used [0x00000000f5e00000,0x00000000f5e00000,0x00000000f5f00000)
 ParOldGen       total 22016K, used 3779K [0x00000000e0000000, 0x00000000e1580000, 0x00000000f5580000)
  object space 22016K, 17% used [0x00000000e0000000,0x00000000e03b0f00,0x00000000e1580000)
 Metaspace       used 13579K, capacity 13788K, committed 13952K, reserved 1060864K
  class space    used 1788K, capacity 1868K, committed 1920K, reserved 1048576K
}
Event: 8.254 GC heap before
{Heap before GC invocations=3 (full 0):
 PSYoungGen      total 9728K, used 9337K [0x00000000f5580000, 0x00000000f6000000, 0x0000000100000000)
  eden space 8704K, 100% used [0x00000000f5580000,0x00000000f5e00000,0x00000000f5e00000)
  from space 1024K, 61% used [0x00000000f5f00000,0x00000000f5f9e7c0,0x00000000f6000000)
  to   space 1024K, 0% used [0x00000000f5e00000,0x00000000f5e00000,0x00000000f5f00000)
 ParOldGen       total 22016K, used 3779K [0x00000000e0000000, 0x00000000e1580000, 0x00000000f5580000)
  object space 22016K, 17% used [0x00000000e0000000,0x00000000e03b0f00,0x00000000e1580000)
 Metaspace       used 14282K, capacity 14492K, committed 14848K, reserved 1062912K
  class space    used 1867K, capacity 1932K, committed 2048K, reserved 1048576K
Event: 8.257 GC heap after
Heap after GC invocations=3 (full 0):
 PSYoungGen      total 9728K, used 1005K [0x00000000f5580000, 0x00000000f6000000, 0x0000000100000000)
  eden space 8704K, 0% used [0x00000000f5580000,0x00000000f5580000,0x00000000f5e00000)
  from space 1024K, 98% used [0x00000000f5e00000,0x00000000f5efb720,0x00000000f5f00000)
  to   space 1024K, 0% used [0x00000000f5f00000,0x00000000f5f00000,0x00000000f6000000)
 ParOldGen       total 22016K, used 3779K [0x00000000e0000000, 0x00000000e1580000, 0x00000000f5580000)
  object space 22016K, 17% used [0x00000000e0000000,0x00000000e03b0f00,0x00000000e1580000)
 Metaspace       used 14282K, capacity 14492K, committed 14848K, reserved 1062912K
  class space    used 1867K, capacity 1932K, committed 2048K, reserved 1048576K
}
Event: 8.625 GC heap before
{Heap before GC invocations=4 (full 0):
 PSYoungGen      total 9728K, used 9709K [0x00000000f5580000, 0x00000000f6000000, 0x0000000100000000)
  eden space 8704K, 100% used [0x00000000f5580000,0x00000000f5e00000,0x00000000f5e00000)
  from space 1024K, 98% used [0x00000000f5e00000,0x00000000f5efb720,0x00000000f5f00000)
  to   space 1024K, 0% used [0x00000000f5f00000,0x00000000f5f00000,0x00000000f6000000)
 ParOldGen       total 22016K, used 3779K [0x00000000e0000000, 0x00000000e1580000, 0x00000000f5580000)
  object space 22016K, 17% used [0x00000000e0000000,0x00000000e03b0f00,0x00000000e1580000)
 Metaspace       used 14312K, capacity 14556K, committed 14848K, reserved 1062912K
  class space    used 1867K, capacity 1932K, committed 2048K, reserved 1048576K
Event: 8.629 GC heap after
Heap after GC invocations=4 (full 0):
 PSYoungGen      total 9728K, used 1005K [0x00000000f5580000, 0x00000000f6000000, 0x0000000100000000)
  eden space 8704K, 0% used [0x00000000f5580000,0x00000000f5580000,0x00000000f5e00000)
  from space 1024K, 98% used [0x00000000f5f00000,0x00000000f5ffb720,0x00000000f6000000)
  to   space 1024K, 0% used [0x00000000f5e00000,0x00000000f5e00000,0x00000000f5f00000)
 ParOldGen       total 22016K, used 3779K [0x00000000e0000000, 0x00000000e1580000, 0x00000000f5580000)
  object space 22016K, 17% used [0x00000000e0000000,0x00000000e03b0f00,0x00000000e1580000)
 Metaspace       used 14312K, capacity 14556K, committed 14848K, reserved 1062912K
  class space    used 1867K, capacity 1932K, committed 2048K, reserved 1048576K
}
Event: 9.111 GC heap before
{Heap before GC invocations=5 (full 0):
 PSYoungGen      total 9728K, used 9709K [0x00000000f5580000, 0x00000000f6000000, 0x0000000100000000)
  eden space 8704K, 100% used [0x00000000f5580000,0x00000000f5e00000,0x00000000f5e00000)
  from space 1024K, 98% used [0x00000000f5f00000,0x00000000f5ffb720,0x00000000f6000000)
  to   space 1024K, 0% used [0x00000000f5e00000,0x00000000f5e00000,0x00000000f5f00000)
 ParOldGen       total 22016K, used 3779K [0x00000000e0000000, 0x00000000e1580000, 0x00000000f5580000)
  object space 22016K, 17% used [0x00000000e0000000,0x00000000e03b0f00,0x00000000e1580000)
 Metaspace       used 14320K, capacity 14556K, committed 14848K, reserved 1062912K
  class space    used 1867K, capacity 1932K, committed 2048K, reserved 1048576K
Event: 9.115 GC heap after
Heap after GC invocations=5 (full 0):
 PSYoungGen      total 9728K, used 973K [0x00000000f5580000, 0x00000000f6600000, 0x0000000100000000)
  eden space 8704K, 0% used [0x00000000f5580000,0x00000000f5580000,0x00000000f5e00000)
  from space 1024K, 95% used [0x00000000f5e00000,0x00000000f5ef3720,0x00000000f5f00000)
  to   space 4096K, 0% used [0x00000000f6200000,0x00000000f6200000,0x00000000f6600000)
 ParOldGen       total 22016K, used 3787K [0x00000000e0000000, 0x00000000e1580000, 0x00000000f5580000)
  object space 22016K, 17% used [0x00000000e0000000,0x00000000e03b2f00,0x00000000e1580000)
 Metaspace       used 14320K, capacity 14556K, committed 14848K, reserved 1062912K
  class space    used 1867K, capacity 1932K, committed 2048K, reserved 1048576K
}
Event: 9.178 GC heap before
{Heap before GC invocations=6 (full 0):
 PSYoungGen      total 9728K, used 9677K [0x00000000f5580000, 0x00000000f6600000, 0x0000000100000000)
  eden space 8704K, 100% used [0x00000000f5580000,0x00000000f5e00000,0x00000000f5e00000)
  from space 1024K, 95% used [0x00000000f5e00000,0x00000000f5ef3720,0x00000000f5f00000)
  to   space 4096K, 0% used [0x00000000f6200000,0x00000000f6200000,0x00000000f6600000)
 ParOldGen       total 22016K, used 3787K [0x00000000e0000000, 0x00000000e1580000, 0x00000000f5580000)
  object space 22016K, 17% used [0x00000000e0000000,0x00000000e03b2f00,0x00000000e1580000)
 Metaspace       used 14320K, capacity 14556K, committed 14848K, reserved 1062912K
  class space    used 1867K, capacity 1932K, committed 2048K, reserved 1048576K
Event: 9.181 GC heap after
Heap after GC invocations=6 (full 0):
 PSYoungGen      total 12800K, used 973K [0x00000000f5580000, 0x00000000f6e80000, 0x0000000100000000)
  eden space 8704K, 0% used [0x00000000f5580000,0x00000000f5580000,0x00000000f5e00000)
  from space 4096K, 23% used [0x00000000f6200000,0x00000000f62f3720,0x00000000f6600000)
  to   space 4096K, 0% used [0x00000000f5e00000,0x00000000f5e00000,0x00000000f6200000)
 ParOldGen       total 22016K, used 3787K [0x00000000e0000000, 0x00000000e1580000, 0x00000000f5580000)
  object space 22016K, 17% used [0x00000000e0000000,0x00000000e03b2f00,0x00000000e1580000)
 Metaspace       used 14320K, capacity 14556K, committed 14848K, reserved 1062912K
  class space    used 1867K, capacity 1932K, committed 2048K, reserved 1048576K
}

