# JRE version: Java(TM) SE Runtime Environment (8.0_111-b14) (build 1.8.0_111-b14)
# Java VM: Java HotSpot(TM) 64-Bit Server VM (25.111-b14 mixed mode windows-amd64 compressed oops)
Heap:
 PSYoungGen      total 16896K, used 6277K [0x00000000f5580000, 0x00000000f6780000, 0x0000000100000000)
  eden space 15360K, 37% used [0x00000000f5580000,0x00000000f5b2e098,0x00000000f6480000)
  from space 1536K, 30% used [0x00000000f6600000,0x00000000f6673720,0x00000000f6780000)
  to   space 1536K, 0% used [0x00000000f6480000,0x00000000f6480000,0x00000000f6600000)
 ParOldGen       total 22016K, used 4826K [0x00000000e0000000, 0x00000000e1580000, 0x00000000f5580000)
  object space 22016K, 21% used [0x00000000e0000000,0x00000000e04b6918,0x00000000e1580000)
 Metaspace       used 14555K, capacity 14780K, committed 15104K, reserved 1062912K
  class space    used 1877K, capacity 1964K, committed 2048K, reserved 1048576K
GC Heap History (10 events):
Event: 20.670 GC heap before
{Heap before GC invocations=42 (full 0):
 PSYoungGen      total 16896K, used 15789K [0x00000000f5580000, 0x00000000f6780000, 0x0000000100000000)
  eden space 15360K, 100% used [0x00000000f5580000,0x00000000f6480000,0x00000000f6480000)
  from space 1536K, 27% used [0x00000000f6480000,0x00000000f64eb720,0x00000000f6600000)
  to   space 1536K, 0% used [0x00000000f6600000,0x00000000f6600000,0x00000000f6780000)
 ParOldGen       total 22016K, used 4778K [0x00000000e0000000, 0x00000000e1580000, 0x00000000f5580000)
  object space 22016K, 21% used [0x00000000e0000000,0x00000000e04aa918,0x00000000e1580000)
 Metaspace       used 14548K, capacity 14780K, committed 15104K, reserved 1062912K
  class space    used 1877K, capacity 1964K, committed 2048K, reserved 1048576K
Event: 20.671 GC heap after
Heap after GC invocations=42 (full 0):
 PSYoungGen      total 16896K, used 461K [0x00000000f5580000, 0x00000000f6780000, 0x0000000100000000)
  eden space 15360K, 0% used [0x00000000f5580000,0x00000000f5580000,0x00000000f6480000)
  from space 1536K, 30% used [0x00000000f6600000,0x00000000f6673720,0x00000000f6780000)
  to   space 1536K, 0% used [0x00000000f6480000,0x00000000f6480000,0x00000000f6600000)
 ParOldGen       total 22016K, used 4786K [0x00000000e0000000, 0x00000000e1580000, 0x00000000f5580000)
  object space 22016K, 21% used [0x00000000e0000000,0x00000000e04ac918,0x00000000e1580000)
 Metaspace       used 14548K, capacity 14780K, committed 15104K, reserved 1062912K
  class space    used 1877K, capacity 1964K, committed 2048K, reserved 1048576K
}
Event: 20.891 GC heap before
{Heap before GC invocations=43 (full 0):
 PSYoungGen      total 16896K, used 15821K [0x00000000f5580000, 0x00000000f6780000, 0x0000000100000000)
  eden space 15360K, 100% used [0x00000000f5580000,0x00000000f6480000,0x00000000f6480000)
  from space 1536K, 30% used [0x00000000f6600000,0x00000000f6673720,0x00000000f6780000)
  to   space 1536K, 0% used [0x00000000f6480000,0x00000000f6480000,0x00000000f6600000)
 ParOldGen       total 22016K, used 4786K [0x00000000e0000000, 0x00000000e1580000, 0x00000000f5580000)
  object space 22016K, 21% used [0x00000000e0000000,0x00000000e04ac918,0x00000000e1580000)
 Metaspace       used 14549K, capacity 14780K, committed 15104K, reserved 1062912K
  class space    used 1877K, capacity 1964K, committed 2048K, reserved 1048576K
Event: 20.892 GC heap after
Heap after GC invocations=43 (full 0):
 PSYoungGen      total 16896K, used 429K [0x00000000f5580000, 0x00000000f6780000, 0x0000000100000000)
  eden space 15360K, 0% used [0x00000000f5580000,0x00000000f5580000,0x00000000f6480000)
  from space 1536K, 27% used [0x00000000f6480000,0x00000000f64eb720,0x00000000f6600000)
  to   space 1536K, 0% used [0x00000000f6600000,0x00000000f6600000,0x00000000f6780000)
 ParOldGen       total 22016K, used 4794K [0x00000000e0000000, 0x00000000e1580000, 0x00000000f5580000)
  object space 22016K, 21% used [0x00000000e0000000,0x00000000e04ae918,0x00000000e1580000)
 Metaspace       used 14549K, capacity 14780K, committed 15104K, reserved 1062912K
  class space    used 1877K, capacity 1964K, committed 2048K, reserved 1048576K
}
Event: 21.068 GC heap before
{Heap before GC invocations=44 (full 0):
 PSYoungGen      total 16896K, used 15789K [0x00000000f5580000, 0x00000000f6780000, 0x0000000100000000)
  eden space 15360K, 100% used [0x00000000f5580000,0x00000000f6480000,0x00000000f6480000)
  from space 1536K, 27% used [0x00000000f6480000,0x00000000f64eb720,0x00000000f6600000)
  to   space 1536K, 0% used [0x00000000f6600000,0x00000000f6600000,0x00000000f6780000)
 ParOldGen       total 22016K, used 4794K [0x00000000e0000000, 0x00000000e1580000, 0x00000000f5580000)
  object space 22016K, 21% used [0x00000000e0000000,0x00000000e04ae918,0x00000000e1580000)
 Metaspace       used 14552K, capacity 14780K, committed 15104K, reserved 1062912K
  class space    used 1877K, capacity 1964K, committed 2048K, reserved 1048576K
Event: 21.070 GC heap after
Heap after GC invocations=44 (full 0):
 PSYoungGen      total 16896K, used 429K [0x00000000f5580000, 0x00000000f6780000, 0x0000000100000000)
  eden space 15360K, 0% used [0x00000000f5580000,0x00000000f5580000,0x00000000f6480000)
  from space 1536K, 27% used [0x00000000f6600000,0x00000000f666b720,0x00000000f6780000)
  to   space 1536K, 0% used [0x00000000f6480000,0x00000000f6480000,0x00000000f6600000)
 ParOldGen       total 22016K, used 4802K [0x00000000e0000000, 0x00000000e1580000, 0x00000000f5580000)
  object space 22016K, 21% used [0x00000000e0000000,0x00000000e04b0918,0x00000000e1580000)
 Metaspace       used 14552K, capacity 14780K, committed 15104K, reserved 1062912K
  class space    used 1877K, capacity 1964K, committed 2048K, reserved 1048576K
}
Event: 21.460 GC heap before
{Heap before GC invocations=45 (full 0):
 PSYoungGen      total 16896K, used 15789K [0x00000000f5580000, 0x00000000f6780000, 0x0000000100000000)
  eden space 15360K, 100% used [0x00000000f5580000,0x00000000f6480000,0x00000000f6480000)
  from space 1536K, 27% used [0x00000000f6600000,0x00000000f666b720,0x00000000f6780000)
  to   space 1536K, 0% used [0x00000000f6480000,0x00000000f6480000,0x00000000f6600000)
 ParOldGen       total 22016K, used 4802K [0x00000000e0000000, 0x00000000e1580000, 0x00000000f5580000)
  object space 22016K, 21% used [0x00000000e0000000,0x00000000e04b0918,0x00000000e1580000)
 Metaspace       used 14554K, capacity 14780K, committed 15104K, reserved 1062912K
  class space    used 1877K, capacity 1964K, committed 2048K, reserved 1048576K
Event: 21.461 GC heap after
Heap after GC invocations=45 (full 0):
 PSYoungGen      total 16896K, used 869K [0x00000000f5580000, 0x00000000f6780000, 0x0000000100000000)
  eden space 15360K, 0% used [0x00000000f5580000,0x00000000f5580000,0x00000000f6480000)
  from space 1536K, 56% used [0x00000000f6480000,0x00000000f65594e8,0x00000000f6600000)
  to   space 1536K, 0% used [0x00000000f6600000,0x00000000f6600000,0x00000000f6780000)
 ParOldGen       total 22016K, used 4818K [0x00000000e0000000, 0x00000000e1580000, 0x00000000f5580000)
  object space 22016K, 21% used [0x00000000e0000000,0x00000000e04b4918,0x00000000e1580000)
 Metaspace       used 14554K, capacity 14780K, committed 15104K, reserved 1062912K
  class space    used 1877K, capacity 1964K, committed 2048K, reserved 1048576K
}
Event: 21.772 GC heap before
{Heap before GC invocations=46 (full 0):
 PSYoungGen      total 16896K, used 16229K [0x00000000f5580000, 0x00000000f6780000, 0x0000000100000000)
  eden space 15360K, 100% used [0x00000000f5580000,0x00000000f6480000,0x00000000f6480000)
  from space 1536K, 56% used [0x00000000f6480000,0x00000000f65594e8,0x00000000f6600000)
  to   space 1536K, 0% used [0x00000000f6600000,0x00000000f6600000,0x00000000f6780000)
 ParOldGen       total 22016K, used 4818K [0x00000000e0000000, 0x00000000e1580000, 0x00000000f5580000)
  object space 22016K, 21% used [0x00000000e0000000,0x00000000e04b4918,0x00000000e1580000)
 Metaspace       used 14555K, capacity 14780K, committed 15104K, reserved 1062912K
  class space    used 1877K, capacity 1964K, committed 2048K, reserved 1048576K
Event: 21.773 GC heap after
Heap after GC invocations=46 (full 0):
 PSYoungGen      total 16896K, used 461K [0x00000000f5580000, 0x00000000f6780000, 0x0000000100000000)
  eden space 15360K, 0% used [0x00000000f5580000,0x00000000f5580000,0x00000000f6480000)
  from space 1536K, 30% used [0x00000000f6600000,0x00000000f6673720,0x00000000f6780000)
  to   space 1536K, 0% used [0x00000000f6480000,0x00000000f6480000,0x00000000f6600000)
 ParOldGen       total 22016K, used 4826K [0x00000000e0000000, 0x00000000e1580000, 0x00000000f5580000)
  object space 22016K, 21% used [0x00000000e0000000,0x00000000e04b6918,0x00000000e1580000)
 Metaspace       used 14555K, capacity 14780K, committed 15104K, reserved 1062912K
  class space    used 1877K, capacity 1964K, committed 2048K, reserved 1048576K
}

